<?xml version="1.0" encoding="UTF-8"?>
<!-- Generated by org.testng.reporters.JUnitReportReporter -->
<testsuite hostname="Fatais-MacBook-Pro.local" failures="0" tests="1" name="baseClass.AppiumBasics" time="18.085" errors="0" timestamp="2024-06-05T17:36:56 WAT" skipped="0">
  <testcase classname="baseClass.AppiumBasics" name="AppiumTest" time="18.085"/>
</testsuite> <!-- baseClass.AppiumBasics -->
