<?xml version="1.0" encoding="UTF-8"?>
<!-- Generated by org.testng.reporters.JUnitReportReporter -->
<testsuite hostname="Fatais-MacBook-Pro.local" failures="0" tests="1" name="baseClass.DA_baseClass" time="9.902" errors="0" timestamp="2024-06-09T16:09:43 WAT" skipped="0">
  <testcase classname="baseClass.DA_baseClass" name="AppiumSetup" time="9.902"/>
</testsuite> <!-- baseClass.DA_baseClass -->
