<?xml version="1.0" encoding="UTF-8"?>
<!-- Generated by org.testng.reporters.JUnitReportReporter -->
<testsuite hostname="Fatais-MacBook-Pro.local" failures="0" tests="1" name="Fatai.AppiumBasics" time="10.822" errors="0" timestamp="2024-06-01T18:05:54 WAT" skipped="0">
  <testcase classname="Fatai.AppiumBasics" name="AppiumTest" time="10.822"/>
</testsuite> <!-- Fatai.AppiumBasics -->
