<?xml version="1.0" encoding="UTF-8"?>
<!-- Generated by org.testng.reporters.JUnitReportReporter -->
<testsuite hostname="Fatais-MacBook-Pro.local" failures="0" tests="1" name="testCases.accessingDifferentMenus" time="12.125" errors="0" timestamp="2024-06-09T17:10:23 WAT" skipped="0">
  <testcase classname="testCases.accessingDifferentMenus" name="AccessingMenus" time="12.125"/>
</testsuite> <!-- testCases.accessingDifferentMenus -->
